Builders:
--- 398.99704599380493 seconds ---
Pipeline:
--- 0.38123250007629395 seconds ---
SingleGen:
--- 0.3836791515350342 seconds ---
Pipeline:
--- 0.00015592575073242188 seconds ---
ChunkGen:
--- 0.00023436546325683594 seconds ---
Pipeline:
--- 0.000118255615234375 seconds ---
SeriesGen:
--- 0.00019240379333496094 seconds ---
Pipeline:
--- 0.00011610984802246094 seconds ---
GeneralGen:
--- 0.00019502639770507812 seconds ---
Pipeline:
--- 0.00011181831359863281 seconds ---
ShortTitleGen:
--- 0.0001804828643798828 seconds ---
Pipeline:
--- 0.00010991096496582031 seconds ---
SummGen:
--- 0.0001785755157470703 seconds ---
Chains:
--- 1.2941789627075195 seconds ---
https://www.legislation.gov.uk/ukpga/2006/31/enacted?view=plain
2006-31: success
https://www.legislation.gov.uk/ukpga/2002/11/enacted?view=plain
2002-11: success
https://www.legislation.gov.uk/ukpga/2009/15/enacted?view=plain
2009-15: success
https://www.legislation.gov.uk/ukpga/2014/5/enacted?view=plain
2014-5: success
https://www.legislation.gov.uk/ukpga/2017/27/enacted?view=plain
2017-27: success
https://www.legislation.gov.uk/ukpga/2011/12/enacted?view=plain
2011-12: success
https://www.legislation.gov.uk/ukpga/2000/44/enacted?view=plain
2000-44: success
https://www.legislation.gov.uk/ukpga/2007/12/enacted?view=plain
2007-12: success
https://www.legislation.gov.uk/ukpga/2016/22/enacted?view=plain
2016-22: success
https://www.legislation.gov.uk/ukpga/2010/31/enacted?view=plain
2010-31: success
https://www.legislation.gov.uk/ukpga/2003/5/enacted?view=plain
2003-5: success
'NoneType' object has no attribute 'find'
2015-50: fail
https://www.legislation.gov.uk/ukpga/2013/18/enacted?view=plain
2013-18: success
'NoneType' object has no attribute 'find'
2008-41: fail
https://www.legislation.gov.uk/ukpga/2006/25/enacted?view=plain
2006-25: success
https://www.legislation.gov.uk/ukpga/2012/13/enacted?view=plain
2012-13: success
https://www.legislation.gov.uk/ukpga/2014/1/enacted?view=plain
2014-1: success
https://www.legislation.gov.uk/ukpga/2002/26/enacted?view=plain
2002-26: success
https://www.legislation.gov.uk/ukpga/2013/10/enacted?view=plain
2013-10: success
'NoneType' object has no attribute 'find'
2005-38: fail
https://www.legislation.gov.uk/ukpga/2003/11/enacted?view=plain
2003-11: success
'NoneType' object has no attribute 'find'
2011-31: fail
'NoneType' object has no attribute 'find'
2007-42: fail
'NoneType' object has no attribute 'find'
2009-43: fail
https://www.legislation.gov.uk/ukpga/2004/15/enacted?view=plain
2004-15: success
https://www.legislation.gov.uk/ukpga/2006/19/enacted?view=plain
2006-19: success
https://www.legislation.gov.uk/ukpga/2002/6/enacted?view=plain
2002-6: success
https://www.legislation.gov.uk/ukpga/2013/23/enacted?view=plain
2013-23: success
'NoneType' object has no attribute 'find'
2013-39: fail
https://www.legislation.gov.uk/ukpga/2000/19/enacted?view=plain
2000-19: success
'NoneType' object has no attribute 'find'
2007-41: fail
https://www.legislation.gov.uk/ukpga/2003/44/enacted?view=plain
'NoneType' object has no attribute 'find'
2016-40: fail
'NoneType' object has no attribute 'find'
2001-35: fail
https://www.legislation.gov.uk/ukpga/2006/11/enacted?view=plain
2006-11: success
https://www.legislation.gov.uk/ukpga/2007/19/enacted?view=plain
2007-19: success
https://www.legislation.gov.uk/ukpga/2008/13/enacted?view=plain
2008-13: success
https://www.legislation.gov.uk/ukpga/2000/26/enacted?view=plain
2000-26: success
https://www.legislation.gov.uk/ukpga/2012/7/enacted?view=plain
https://www.legislation.gov.uk/ukpga/2005/19/enacted?view=plain
2005-19: success
https://www.legislation.gov.uk/ukpga/2018/13/enacted?view=plain
2018-13: success
'NoneType' object has no attribute 'find'
2002-50: fail
https://www.legislation.gov.uk/ukpga/2011/14/enacted?view=plain
2011-14: success
https://www.legislation.gov.uk/ukpga/2003/9/enacted?view=plain
2003-9: success
'NoneType' object has no attribute 'find'
2017-47: fail
https://www.legislation.gov.uk/ukpga/2009/1/enacted?view=plain
2009-1: success
https://www.legislation.gov.uk/ukpga/2013/29/enacted?view=plain
2013-29: success
https://www.legislation.gov.uk/ukpga/2009/20/enacted?view=plain
2009-20: success
'NoneType' object has no attribute 'find'
2014-46: fail
'NoneType' object has no attribute 'find'
2005-46: fail
https://www.legislation.gov.uk/ukpga/2008/20/enacted?view=plain
2008-20: success
https://www.legislation.gov.uk/ukpga/2017/29/enacted?view=plain
2017-29: success
https://www.legislation.gov.uk/ukpga/2010/33/enacted?view=plain
2010-33: success
https://www.legislation.gov.uk/ukpga/2014/29/enacted?view=plain
2014-29: success
https://www.legislation.gov.uk/ukpga/2009/25/enacted?view=plain
2009-25: success
https://www.legislation.gov.uk/ukpga/2002/20/enacted?view=plain
2002-20: success
https://www.legislation.gov.uk/ukpga/2015/15/enacted?view=plain
2015-15: success
'NoneType' object has no attribute 'find'
2009-49: fail
https://www.legislation.gov.uk/ukpga/2015/12/enacted?view=plain
2015-12: success
'NoneType' object has no attribute 'find'
2012-48: fail
https://www.legislation.gov.uk/ukpga/2015/10/enacted?view=plain
2015-10: success
'NoneType' object has no attribute 'find'
2010-50: fail
https://www.legislation.gov.uk/ukpga/2015/17/enacted?view=plain
2015-17: success
https://www.legislation.gov.uk/ukpga/2014/17/enacted?view=plain
2014-17: success
https://www.legislation.gov.uk/ukpga/2000/3/enacted?view=plain
(('this',),)
2000-3: fail
'NoneType' object has no attribute 'find'
2011-43: fail
https://www.legislation.gov.uk/ukpga/2008/25/enacted?view=plain
2008-25: success
https://www.legislation.gov.uk/ukpga/2018/12/enacted?view=plain
2018-12: success
'NoneType' object has no attribute 'find'
2015-47: fail
https://www.legislation.gov.uk/ukpga/2004/11/enacted?view=plain
2004-11: success
https://www.legislation.gov.uk/ukpga/2009/2/enacted?view=plain
2009-2: success
https://www.legislation.gov.uk/ukpga/2017/2/enacted?view=plain
2017-2: success
https://www.legislation.gov.uk/ukpga/2012/21/enacted?view=plain
https://www.legislation.gov.uk/ukpga/2017/30/enacted?view=plain
2017-30: success
'NoneType' object has no attribute 'find'
2017-46: fail
https://www.legislation.gov.uk/ukpga/2000/23/enacted?view=plain
2000-23: success
https://www.legislation.gov.uk/ukpga/2013/24/enacted?view=plain
2013-24: success
https://www.legislation.gov.uk/ukpga/2005/23/enacted?view=plain
2005-23: success
https://www.legislation.gov.uk/ukpga/2009/9/enacted?view=plain
2009-9: success
'NoneType' object has no attribute 'find'
2018-40: fail
https://www.legislation.gov.uk/ukpga/2003/4/enacted?view=plain
2003-4: success
https://www.legislation.gov.uk/ukpga/2014/28/enacted?view=plain
2014-28: success
'NoneType' object has no attribute 'find'
2018-45: fail
https://www.legislation.gov.uk/ukpga/2017/21/enacted?view=plain
2017-21: success
expected string or bytes-like object, got 'NoneType'
2011-1: fail
https://www.legislation.gov.uk/ukpga/2006/14/enacted?view=plain
2006-14: success
'NoneType' object has no attribute 'find'
2011-29: fail
'NoneType' object has no attribute 'find'
2001-50: fail
https://www.legislation.gov.uk/ukpga/2012/22/enacted?view=plain
2012-22: success
'NoneType' object has no attribute 'find'
2008-47: fail
https://www.legislation.gov.uk/ukpga/2003/38/enacted?view=plain
2003-38: success
https://www.legislation.gov.uk/ukpga/2005/9/enacted?view=plain
2005-9: success
'NoneType' object has no attribute 'find'
2001-42: fail
https://www.legislation.gov.uk/ukpga/2013/26/enacted?view=plain
2013-26: success
https://www.legislation.gov.uk/ukpga/2003/21/enacted?view=plain
'NoneType' object has no attribute 'find'
2005-34: fail
'NoneType' object has no attribute 'find'
2012-43: fail
https://www.legislation.gov.uk/ukpga/2014/7/enacted?view=plain
2014-7: success
https://www.legislation.gov.uk/ukpga/2003/39/enacted?view=plain
2003-39: success
https://www.legislation.gov.uk/ukpga/2018/27/enacted?view=plain
2018-27: success
https://www.legislation.gov.uk/ukpga/2015/24/enacted?view=plain
2015-24: success
'NoneType' object has no attribute 'find'
2016-26: fail
https://www.legislation.gov.uk/ukpga/2007/24/enacted?view=plain
2007-24: success
https://www.legislation.gov.uk/ukpga/2004/31/enacted?view=plain
2004-31: success
'NoneType' object has no attribute 'order'
2011-20: fail
https://www.legislation.gov.uk/ukpga/2000/34/enacted?view=plain
2000-34: success
https://www.legislation.gov.uk/ukpga/2013/6/enacted?view=plain
2013-6: success
'NoneType' object has no attribute 'find'
2004-50: fail
'NoneType' object has no attribute 'find'
2004-40: fail
'NoneType' object has no attribute 'find'
2001-43: fail
'NoneType' object has no attribute 'find'
2016-42: fail
https://www.legislation.gov.uk/ukpga/2010/40/enacted?view=plain
2010-40: success
'NoneType' object has no attribute 'find'
2001-39: fail
https://www.legislation.gov.uk/ukpga/2010/15/enacted?view=plain
2010-15: success
https://www.legislation.gov.uk/ukpga/2000/39/enacted?view=plain
2000-39: success
'NoneType' object has no attribute 'find'
2009-37: fail
https://www.legislation.gov.uk/ukpga/2000/22/enacted?view=plain
2000-22: success
'NoneType' object has no attribute 'find'
2015-45: fail
https://www.legislation.gov.uk/ukpga/2013/8/enacted?view=plain
2013-8: success
'NoneType' object has no attribute 'find'
2018-46: fail
'NoneType' object has no attribute 'find'
2012-33: fail
'NoneType' object has no attribute 'find'
2012-41: fail
https://www.legislation.gov.uk/ukpga/2002/40/enacted?view=plain
https://www.legislation.gov.uk/ukpga/2000/31/enacted?view=plain
2000-31: success
https://www.legislation.gov.uk/ukpga/2000/18/enacted?view=plain
2000-18: success
https://www.legislation.gov.uk/ukpga/2008/28/enacted?view=plain
2008-28: success
https://www.legislation.gov.uk/ukpga/2004/6/enacted?view=plain
2004-6: success
https://www.legislation.gov.uk/ukpga/2002/39/enacted?view=plain
2002-39: success
'NoneType' object has no attribute 'find'
2015-38: fail
'NoneType' object has no attribute 'find'
2007-47: fail
https://www.legislation.gov.uk/ukpga/2017/35/enacted?view=plain
2017-35: success
https://www.legislation.gov.uk/ukpga/2002/18/enacted?view=plain
2002-18: success
https://www.legislation.gov.uk/ukpga/2014/3/enacted?view=plain
2014-3: success
https://www.legislation.gov.uk/ukpga/2018/22/enacted?view=plain
2018-22: success
https://www.legislation.gov.uk/ukpga/2015/11/enacted?view=plain
2015-11: success
'NoneType' object has no attribute 'find'
2007-45: fail
https://www.legislation.gov.uk/ukpga/2000/36/enacted?view=plain
2000-36: success
https://www.legislation.gov.uk/ukpga/2016/8/enacted?view=plain
2016-8: success
https://www.legislation.gov.uk/ukpga/2009/5/enacted?view=plain
2009-5: success
https://www.legislation.gov.uk/ukpga/2010/10/enacted?view=plain
2010-10: success
https://www.legislation.gov.uk/ukpga/2005/17/enacted?view=plain
2005-17: success
https://www.legislation.gov.uk/ukpga/2000/41/enacted?view=plain
2000-41: success
https://www.legislation.gov.uk/ukpga/2009/3/enacted?view=plain
2009-3: success
https://www.legislation.gov.uk/ukpga/2004/17/enacted?view=plain
2004-17: success
https://www.legislation.gov.uk/ukpga/2012/3/enacted?view=plain
2012-3: success
https://www.legislation.gov.uk/ukpga/2010/34/enacted?view=plain
2010-34: success
https://www.legislation.gov.uk/ukpga/2018/28/enacted?view=plain
2018-28: success
https://www.legislation.gov.uk/ukpga/2007/11/enacted?view=plain
2007-11: success
https://www.legislation.gov.uk/ukpga/2015/7/enacted?view=plain
2015-7: success
https://www.legislation.gov.uk/ukpga/2007/9/enacted?view=plain
2007-9: success
https://www.legislation.gov.uk/ukpga/2002/31/enacted?view=plain
2002-31: success
https://www.legislation.gov.uk/ukpga/2005/8/enacted?view=plain
2005-8: success
https://www.legislation.gov.uk/ukpga/2014/16/enacted?view=plain
2014-16: success
'NoneType' object has no attribute 'find'
2012-38: fail
https://www.legislation.gov.uk/ukpga/2003/7/enacted?view=plain
2003-7: success
https://www.legislation.gov.uk/ukpga/2000/29/enacted?view=plain
2000-29: success
https://www.legislation.gov.uk/ukpga/2002/42/enacted?view=plain
2002-42: success
https://www.legislation.gov.uk/ukpga/2006/21/enacted?view=plain
2006-21: success
'NoneType' object has no attribute 'find'
2000-50: fail
https://www.legislation.gov.uk/ukpga/2008/23/enacted?view=plain
2008-23: success
'NoneType' object has no attribute 'find'
2011-42: fail
'NoneType' object has no attribute 'find'
2014-41: fail
'NoneType' object has no attribute 'find'
2003-48: fail
https://www.legislation.gov.uk/ukpga/2013/5/enacted?view=plain
2013-5: success
https://www.legislation.gov.uk/ukpga/2004/34/enacted?view=plain
https://www.legislation.gov.uk/ukpga/2011/2/enacted?view=plain
2011-2: success
https://www.legislation.gov.uk/ukpga/2002/4/enacted?view=plain
2002-4: success
https://www.legislation.gov.uk/ukpga/2016/19/enacted?view=plain
2016-19: success
https://www.legislation.gov.uk/ukpga/2017/10/enacted?view=plain
2017-10: success
'NoneType' object has no attribute 'find'
2013-36: fail
https://www.legislation.gov.uk/ukpga/2012/20/enacted?view=plain
2012-20: success
'NoneType' object has no attribute 'find'
2009-44: fail
https://www.legislation.gov.uk/ukpga/2018/30/enacted?view=plain
2018-30: success
https://www.legislation.gov.uk/ukpga/2015/3/enacted?view=plain
2015-3: success
https://www.legislation.gov.uk/ukpga/2014/19/enacted?view=plain
2014-19: success
'NoneType' object has no attribute 'find'
2016-49: fail
https://www.legislation.gov.uk/ukpga/2016/25/enacted?view=plain
https://www.legislation.gov.uk/ukpga/2018/34/enacted?view=plain
2018-34: success
https://www.legislation.gov.uk/ukpga/2003/40/enacted?view=plain
2003-40: success
'NoneType' object has no attribute 'find'
2009-47: fail
https://www.legislation.gov.uk/ukpga/2011/6/enacted?view=plain
2011-6: success
https://www.legislation.gov.uk/ukpga/2009/11/enacted?view=plain
2009-11: success
'NoneType' object has no attribute 'find'
2013-47: fail
'NoneType' object has no attribute 'find'
2014-43: fail
'NoneType' object has no attribute 'find'
2001-45: fail
https://www.legislation.gov.uk/ukpga/2013/4/enacted?view=plain
2013-4: success
https://www.legislation.gov.uk/ukpga/2018/21/enacted?view=plain
2018-21: success
'NoneType' object has no attribute 'find'
2011-40: fail
https://www.legislation.gov.uk/ukpga/2006/6/enacted?view=plain
2006-6: success
'NoneType' object has no attribute 'find'
2016-47: fail
https://www.legislation.gov.uk/ukpga/2006/29/enacted?view=plain
2006-29: success
https://www.legislation.gov.uk/ukpga/2010/28/enacted?view=plain
2010-28: success
https://www.legislation.gov.uk/ukpga/2006/35/enacted?view=plain
2006-35: success
https://www.legislation.gov.uk/ukpga/2004/37/enacted?view=plain
2004-37: success
https://www.legislation.gov.uk/ukpga/2016/4/enacted?view=plain
2016-4: success
'NoneType' object has no attribute 'find'
2016-28: fail
'NoneType' object has no attribute 'find'
2013-46: fail
https://www.legislation.gov.uk/ukpga/2014/14/enacted?view=plain
2014-14: success
'NoneType' object has no attribute 'find'
2011-38: fail
https://www.legislation.gov.uk/ukpga/2016/2/enacted?view=plain
2016-2: success
https://www.legislation.gov.uk/ukpga/2004/19/enacted?view=plain
2004-19: success
https://www.legislation.gov.uk/ukpga/2006/39/enacted?view=plain
2006-39: success
https://www.legislation.gov.uk/ukpga/2000/17/enacted?view=plain
2000-17: success
'NoneType' object has no attribute 'find'
2017-39: fail
https://www.legislation.gov.uk/ukpga/2008/10/enacted?view=plain
2008-10: success
https://www.legislation.gov.uk/ukpga/2018/32/enacted?view=plain
2018-32: success
https://www.legislation.gov.uk/ukpga/2006/38/enacted?view=plain
2006-38: success
https://www.legislation.gov.uk/ukpga/2005/16/enacted?view=plain
2005-16: success
'NoneType' object has no attribute 'find'
2014-32: fail
https://www.legislation.gov.uk/ukpga/2018/4/enacted?view=plain
2018-4: success
https://www.legislation.gov.uk/ukpga/2000/11/enacted?view=plain
2000-11: success
https://www.legislation.gov.uk/ukpga/2001/6/enacted?view=plain
2001-6: success
'NoneType' object has no attribute 'find'
2001-31: fail
https://www.legislation.gov.uk/ukpga/2000/42/enacted?view=plain
2000-42: success
https://www.legislation.gov.uk/ukpga/2006/5/enacted?view=plain
2006-5: success
https://www.legislation.gov.uk/ukpga/2018/11/enacted?view=plain
2018-11: success
'NoneType' object has no attribute 'find'
2009-36: fail
https://www.legislation.gov.uk/ukpga/2018/14/enacted?view=plain
2018-14: success
'NoneType' object has no attribute 'find'
2014-37: fail
https://www.legislation.gov.uk/ukpga/2002/44/enacted?view=plain
2002-44: success
'NoneType' object has no attribute 'find'
2018-44: fail
https://www.legislation.gov.uk/ukpga/2005/24/enacted?view=plain
2005-24: success
'NoneType' object has no attribute 'find'
2012-46: fail
https://www.legislation.gov.uk/ukpga/2010/6/enacted?view=plain
2010-6: success
https://www.legislation.gov.uk/ukpga/2003/1/enacted?view=plain
'NoneType' object has no attribute 'find'
2016-27: fail
'NoneType' object has no attribute 'find'
2012-35: fail
https://www.legislation.gov.uk/ukpga/2014/23/enacted?view=plain
2014-23: success
https://www.legislation.gov.uk/ukpga/2013/7/enacted?view=plain
2013-7: success
https://www.legislation.gov.uk/ukpga/2004/13/enacted?view=plain
2004-13: success
https://www.legislation.gov.uk/ukpga/2006/30/enacted?view=plain
2006-30: success
'NoneType' object has no attribute 'find'
2005-47: fail
'NoneType' object has no attribute 'find'
2007-36: fail
https://www.legislation.gov.uk/ukpga/2005/4/enacted?view=plain
2005-4: success
https://www.legislation.gov.uk/ukpga/2015/6/enacted?view=plain
2015-6: success
https://www.legislation.gov.uk/ukpga/2015/30/enacted?view=plain
2015-30: success
https://www.legislation.gov.uk/ukpga/2007/13/enacted?view=plain
2007-13: success
'NoneType' object has no attribute 'find'
2008-43: fail
https://www.legislation.gov.uk/ukpga/2012/6/enacted?view=plain
2012-6: success
'NoneType' object has no attribute 'find'
2016-45: fail
'NoneType' object has no attribute 'find'
2001-28: fail
https://www.legislation.gov.uk/ukpga/2005/1/enacted?view=plain
2005-1: success
'NoneType' object has no attribute 'find'
2018-36: fail
https://www.legislation.gov.uk/ukpga/2004/27/enacted?view=plain
2004-27: success
https://www.legislation.gov.uk/ukpga/2015/19/enacted?view=plain
2015-19: success
'NoneType' object has no attribute 'find'
2005-49: fail
https://www.legislation.gov.uk/ukpga/2007/20/enacted?view=plain
2007-20: success
'NoneType' object has no attribute 'find'
2011-47: fail
https://www.legislation.gov.uk/ukpga/2000/40/enacted?view=plain
2000-40: success
https://www.legislation.gov.uk/ukpga/2017/22/enacted?view=plain
2017-22: success
https://www.legislation.gov.uk/ukpga/2008/26/enacted?view=plain
2008-26: success
https://www.legislation.gov.uk/ukpga/2014/13/enacted?view=plain
2014-13: success
https://www.legislation.gov.uk/ukpga/2008/1/enacted?view=plain
2008-1: success
https://www.legislation.gov.uk/ukpga/2002/35/enacted?view=plain
2002-35: success
'NoneType' object has no attribute 'find'
2011-30: fail
'NoneType' object has no attribute 'find'
2002-45: fail
'NoneType' object has no attribute 'find'
2000-49: fail
'NoneType' object has no attribute 'find'
2016-32: fail
https://www.legislation.gov.uk/ukpga/2017/16/enacted?view=plain
2017-16: success
https://www.legislation.gov.uk/ukpga/2000/6/enacted?view=plain
2000-6: success
https://www.legislation.gov.uk/ukpga/2009/26/enacted?view=plain
2009-26: success
'NoneType' object has no attribute 'find'
2013-50: fail
https://www.legislation.gov.uk/ukpga/2001/12/enacted?view=plain
2001-12: success
https://www.legislation.gov.uk/ukpga/2009/4/enacted?view=plain
'NoneType' object has no attribute 'find'
2002-47: fail
'NoneType' object has no attribute 'find'
2016-39: fail
https://www.legislation.gov.uk/ukpga/2014/8/enacted?view=plain
2014-8: success
https://www.legislation.gov.uk/ukpga/2014/9/enacted?view=plain
2014-9: success
'NoneType' object has no attribute 'find'
2005-42: fail
'NoneType' object has no attribute 'find'
2005-44: fail
'NoneType' object has no attribute 'find'
2012-42: fail
https://www.legislation.gov.uk/ukpga/2006/36/enacted?view=plain
2006-36: success
https://www.legislation.gov.uk/ukpga/2001/2/enacted?view=plain
'NoneType' object has no attribute 'find'
2011-39: fail
'NoneType' object has no attribute 'find'
2011-33: fail
'NoneType' object has no attribute 'find'
2016-46: fail
'NoneType' object has no attribute 'find'
2005-28: fail
'NoneType' object has no attribute 'find'
2005-30: fail
https://www.legislation.gov.uk/ukpga/2015/8/enacted?view=plain
2015-8: success
'NoneType' object has no attribute 'find'
2012-30: fail
'NoneType' object has no attribute 'find'
2007-50: fail
'NoneType' object has no attribute 'find'
2016-48: fail
'NoneType' object has no attribute 'find'
2005-45: fail
https://www.legislation.gov.uk/ukpga/2002/36/enacted?view=plain
2002-36: success
'NoneType' object has no attribute 'find'
2009-28: fail
https://www.legislation.gov.uk/ukpga/2015/21/enacted?view=plain
2015-21: success
https://www.legislation.gov.uk/ukpga/2018/15/enacted?view=plain
2018-15: success
https://www.legislation.gov.uk/ukpga/2008/11/enacted?view=plain
2008-11: success
'NoneType' object has no attribute 'find'
2014-45: fail
'NoneType' object has no attribute 'find'
2001-38: fail
https://www.legislation.gov.uk/ukpga/2012/18/enacted?view=plain
2012-18: success
'NoneType' object has no attribute 'find'
2015-42: fail
https://www.legislation.gov.uk/ukpga/2015/4/enacted?view=plain
2015-4: success
https://www.legislation.gov.uk/ukpga/2004/8/enacted?view=plain
2004-8: success
'NoneType' object has no attribute 'find'
2016-29: fail
https://www.legislation.gov.uk/ukpga/2016/18/enacted?view=plain
2016-18: success
'NoneType' object has no attribute 'find'
2016-37: fail
https://www.legislation.gov.uk/ukpga/2003/31/enacted?view=plain
2003-31: success
https://www.legislation.gov.uk/ukpga/2010/13/enacted?view=plain
2010-13: success
'NoneType' object has no attribute 'find'
2013-34: fail
https://www.legislation.gov.uk/ukpga/2017/11/enacted?view=plain
2017-11: success
https://www.legislation.gov.uk/ukpga/2002/7/enacted?view=plain
2002-7: success
'NoneType' object has no attribute 'find'
2011-34: fail
https://www.legislation.gov.uk/ukpga/2002/10/enacted?view=plain
2002-10: success
https://www.legislation.gov.uk/ukpga/2006/12/enacted?view=plain
2006-12: success
'NoneType' object has no attribute 'order'
2007-3: fail
https://www.legislation.gov.uk/ukpga/2004/7/enacted?view=plain
2004-7: success
https://www.legislation.gov.uk/ukpga/2010/26/enacted?view=plain
2010-26: success
https://www.legislation.gov.uk/ukpga/2011/16/enacted?view=plain
2011-16: success
https://www.legislation.gov.uk/ukpga/2000/8/enacted?view=plain
https://www.legislation.gov.uk/ukpga/2000/9/enacted?view=plain
(('this',),)
2000-9: fail
https://www.legislation.gov.uk/ukpga/2004/24/enacted?view=plain
2004-24: success
https://www.legislation.gov.uk/ukpga/2006/26/enacted?view=plain
2006-26: success
https://www.legislation.gov.uk/ukpga/2013/15/enacted?view=plain
2013-15: success
https://www.legislation.gov.uk/ukpga/2007/14/enacted?view=plain
2007-14: success
'NoneType' object has no attribute 'find'
2001-47: fail
https://www.legislation.gov.uk/ukpga/2018/6/enacted?view=plain
2018-6: success
https://www.legislation.gov.uk/ukpga/2008/15/enacted?view=plain
2008-15: success
https://www.legislation.gov.uk/ukpga/2010/17/enacted?view=plain
2010-17: success
'NoneType' object has no attribute 'find'
2017-38: fail
https://www.legislation.gov.uk/ukpga/2003/2/enacted?view=plain
2003-2: success
https://www.legislation.gov.uk/ukpga/2001/8/enacted?view=plain
2001-8: success
https://www.legislation.gov.uk/ukpga/2005/10/enacted?view=plain
2005-10: success
https://www.legislation.gov.uk/ukpga/2015/1/enacted?view=plain
2015-1: success
https://www.legislation.gov.uk/ukpga/2003/12/enacted?view=plain
2003-12: success
https://www.legislation.gov.uk/ukpga/2003/26/enacted?view=plain
2003-26: success
https://www.legislation.gov.uk/ukpga/2018/2/enacted?view=plain
2018-2: success
https://www.legislation.gov.uk/ukpga/2016/9/enacted?view=plain
2016-9: success
https://www.legislation.gov.uk/ukpga/2007/23/enacted?view=plain
2007-23: success
https://www.legislation.gov.uk/ukpga/2002/30/enacted?view=plain
2002-30: success
https://www.legislation.gov.uk/ukpga/2001/25/enacted?view=plain
2001-25: success
https://www.legislation.gov.uk/ukpga/2012/19/enacted?view=plain
